#
# There is insufficient memory for the Java Runtime Environment to continue.
# Native memory allocation (mmap) failed to map 65536 bytes for Failed to commit metaspace.
# Possible reasons:
#   The system is out of physical RAM or swap space
#   The process is running with CompressedOops enabled, and the Java Heap may be blocking the growth of the native heap
# Possible solutions:
#   Reduce memory load on the system
#   Increase physical memory or swap space
#   Check if swap backing store is full
#   Decrease Java heap size (-Xmx/-Xms)
#   Decrease number of Java threads
#   Decrease Java thread stack sizes (-Xss)
#   Set larger code cache with -XX:ReservedCodeCacheSize=
#   JVM is running with Unscaled Compressed Oops mode in which the Java heap is
#     placed in the first 4GB address space. The Java Heap base address is the
#     maximum limit for the native heap growth. Please use -XX:HeapBaseMinAddress
#     to set the Java Heap base and to place the Java Heap above 4GB virtual address.
# This output file may be truncated or incomplete.
#
#  Out of Memory Error (virtualSpaceNode.cpp:110), pid=5532, tid=3644
#
# JRE version:  (20.0+36) (build )
# Java VM: Java HotSpot(TM) 64-Bit Server VM (20+36-2344, mixed mode, tiered, compressed oops, compressed class ptrs, g1 gc, windows-amd64)
# No core dump will be written. Minidumps are not enabled by default on client versions of Windows
#

---------------  S U M M A R Y ------------

Command Line: -Dfile.encoding=UTF-8 --module-path=C:\Users\shikh\OneDrive\Documents\NetBeansProjects\Bank Management System\build\classes bank.management.system.SignupOne

Host: Intel(R) Core(TM) i3-1005G1 CPU @ 1.20GHz, 4 cores, 3G,  Windows 10 , 64 bit Build 19041 (10.0.19041.2788)
Time: Fri Apr 28 22:10:53 2023 India Standard Time elapsed time: 0.019727 seconds (0d 0h 0m 0s)

---------------  T H R E A D  ---------------

Current thread (0x00000263ec90bf90):  JavaThread "Unknown thread" [_thread_in_vm, id=3644, stack(0x000000762b800000,0x000000762b900000)]

Stack: [0x000000762b800000,0x000000762b900000]
Native frames: (J=compiled Java code, j=interpreted, Vv=VM code, C=native code)
V  [jvm.dll+0x6bb95a]
V  [jvm.dll+0x8483aa]
V  [jvm.dll+0x849fa5]
V  [jvm.dll+0x84a6a3]
V  [jvm.dll+0x280b0f]
V  [jvm.dll+0x8442eb]
V  [jvm.dll+0x65fd86]
V  [jvm.dll+0x65fdea]
V  [jvm.dll+0x6626c3]
V  [jvm.dll+0x66258e]
V  [jvm.dll+0x66079e]
V  [jvm.dll+0x66ae17]
V  [jvm.dll+0x21b442]
V  [jvm.dll+0x21b975]
V  [jvm.dll+0x21c361]
V  [jvm.dll+0x211780]
V  [jvm.dll+0x59c26c]
V  [jvm.dll+0x222d6a]
V  [jvm.dll+0x7c2aa4]
V  [jvm.dll+0x7c3ba9]
V  [jvm.dll+0x7c414f]
V  [jvm.dll+0x7c3df8]
V  [jvm.dll+0x846743]
V  [jvm.dll+0x8464ea]
V  [jvm.dll+0x80f74d]
V  [jvm.dll+0x810f9d]
V  [jvm.dll+0x3c0dcb]
V  [jvm.dll+0x7fcd93]
V  [jvm.dll+0x44c76f]
V  [jvm.dll+0x44e0e1]
C  [jli.dll+0x5287]
C  [ucrtbase.dll+0x21bb2]
C  [KERNEL32.DLL+0x17604]
C  [ntdll.dll+0x526a1]


---------------  P R O C E S S  ---------------

Threads class SMR info:
_java_thread_list=0x00007ffa1254a098, length=0, elements={
}

Java Threads: ( => current thread )

Other Threads:
  0x00000263eca0a7c0 WorkerThread "GC Thread#0" [stack: 0x000000762b900000,0x000000762ba00000] [id=5420]
  0x00000263eca12fa0 ConcurrentGCThread "G1 Main Marker" [stack: 0x000000762ba00000,0x000000762bb00000] [id=9036]
  0x00000263eca13a80 WorkerThread "G1 Conc#0" [stack: 0x000000762bb00000,0x000000762bc00000] [id=476]
  0x00000263eca69530 ConcurrentGCThread "G1 Refine#0" [stack: 0x000000762bc00000,0x000000762bd00000] [id=19204]
  0x00000263eca6aef0 ConcurrentGCThread "G1 Service" [stack: 0x000000762bd00000,0x000000762be00000] [id=5072]

=>0x00000263ec90bf90 (exited) JavaThread "Unknown thread" [_thread_in_vm, id=3644, stack(0x000000762b800000,0x000000762b900000)]

Threads with active compile tasks:

VM state: not at safepoint (not fully initialized)

VM Mutex/Monitor currently owned by a thread:  ([mutex/lock_event])
[0x00000263ec9c8290] Metaspace_lock - owner thread: 0x00000263ec90bf90

Heap address: 0x00000000c3200000, size: 974 MB, Compressed Oops mode: 32-bit

CDS archive(s) not mapped
Compressed class space mapped at: 0x0000000100000000-0x0000000140000000, reserved size: 1073741824
Narrow klass base: 0x0000000000000000, Narrow klass shift: 3, Narrow klass range: 0x140000000

GC Precious Log:
 CardTable entry size: 512
 Card Set container configuration: InlinePtr #cards 5 size 8 Array Of Cards #cards 12 size 40 Howl #buckets 4 coarsen threshold 1843 Howl Bitmap #cards 512 size 80 coarsen threshold 460 Card regions per heap region 1 cards per card region 2048
 CPUs: 4 total, 4 available
 Memory: 3891M
 Large Page Support: Disabled
 NUMA Support: Disabled
 Compressed Oops: Enabled (32-bit)
 Heap Region Size: 1M
 Heap Min Capacity: 8M
 Heap Initial Capacity: 62M
 Heap Max Capacity: 974M
 Pre-touch: Disabled
 Parallel Workers: 4
 Concurrent Workers: 1
 Concurrent Refinement Workers: 4
 Periodic GC: Disabled

Heap:
 garbage-first heap   total 63488K, used 0K [0x00000000c3200000, 0x0000000100000000)
  region size 1024K, 1 young (1024K), 0 survivors (0K)
 Metaspace       used 830K, committed 832K, reserved 1114112K
  class space    used 62K, committed 64K, reserved 1048576K

Heap Regions: E=young(eden), S=young(survivor), O=old, HS=humongous(starts), HC=humongous(continues), CS=collection set, F=free, OA=open archive, CA=closed archive, TAMS=top-at-mark-start, PB=parsable bottom
|   0|0x00000000c3200000, 0x00000000c3200000, 0x00000000c3300000|  0%| F|  |TAMS 0x00000000c3200000| PB 0x00000000c3200000| Untracked 
|   1|0x00000000c3300000, 0x00000000c3300000, 0x00000000c3400000|  0%| F|  |TAMS 0x00000000c3300000| PB 0x00000000c3300000| Untracked 
|   2|0x00000000c3400000, 0x00000000c3400000, 0x00000000c3500000|  0%| F|  |TAMS 0x00000000c3400000| PB 0x00000000c3400000| Untracked 
|   3|0x00000000c3500000, 0x00000000c3500000, 0x00000000c3600000|  0%| F|  |TAMS 0x00000000c3500000| PB 0x00000000c3500000| Untracked 
|   4|0x00000000c3600000, 0x00000000c3600000, 0x00000000c3700000|  0%| F|  |TAMS 0x00000000c3600000| PB 0x00000000c3600000| Untracked 
|   5|0x00000000c3700000, 0x00000000c3700000, 0x00000000c3800000|  0%| F|  |TAMS 0x00000000c3700000| PB 0x00000000c3700000| Untracked 
|   6|0x00000000c3800000, 0x00000000c3800000, 0x00000000c3900000|  0%| F|  |TAMS 0x00000000c3800000| PB 0x00000000c3800000| Untracked 
|   7|0x00000000c3900000, 0x00000000c3900000, 0x00000000c3a00000|  0%| F|  |TAMS 0x00000000c3900000| PB 0x00000000c3900000| Untracked 
|   8|0x00000000c3a00000, 0x00000000c3a00000, 0x00000000c3b00000|  0%| F|  |TAMS 0x00000000c3a00000| PB 0x00000000c3a00000| Untracked 
|   9|0x00000000c3b00000, 0x00000000c3b00000, 0x00000000c3c00000|  0%| F|  |TAMS 0x00000000c3b00000| PB 0x00000000c3b00000| Untracked 
|  10|0x00000000c3c00000, 0x00000000c3c00000, 0x00000000c3d00000|  0%| F|  |TAMS 0x00000000c3c00000| PB 0x00000000c3c00000| Untracked 
|  11|0x00000000c3d00000, 0x00000000c3d00000, 0x00000000c3e00000|  0%| F|  |TAMS 0x00000000c3d00000| PB 0x00000000c3d00000| Untracked 
|  12|0x00000000c3e00000, 0x00000000c3e00000, 0x00000000c3f00000|  0%| F|  |TAMS 0x00000000c3e00000| PB 0x00000000c3e00000| Untracked 
|  13|0x00000000c3f00000, 0x00000000c3f00000, 0x00000000c4000000|  0%| F|  |TAMS 0x00000000c3f00000| PB 0x00000000c3f00000| Untracked 
|  14|0x00000000c4000000, 0x00000000c4000000, 0x00000000c4100000|  0%| F|  |TAMS 0x00000000c4000000| PB 0x00000000c4000000| Untracked 
|  15|0x00000000c4100000, 0x00000000c4100000, 0x00000000c4200000|  0%| F|  |TAMS 0x00000000c4100000| PB 0x00000000c4100000| Untracked 
|  16|0x00000000c4200000, 0x00000000c4200000, 0x00000000c4300000|  0%| F|  |TAMS 0x00000000c4200000| PB 0x00000000c4200000| Untracked 
|  17|0x00000000c4300000, 0x00000000c4300000, 0x00000000c4400000|  0%| F|  |TAMS 0x00000000c4300000| PB 0x00000000c4300000| Untracked 
|  18|0x00000000c4400000, 0x00000000c4400000, 0x00000000c4500000|  0%| F|  |TAMS 0x00000000c4400000| PB 0x00000000c4400000| Untracked 
|  19|0x00000000c4500000, 0x00000000c4500000, 0x00000000c4600000|  0%| F|  |TAMS 0x00000000c4500000| PB 0x00000000c4500000| Untracked 
|  20|0x00000000c4600000, 0x00000000c4600000, 0x00000000c4700000|  0%| F|  |TAMS 0x00000000c4600000| PB 0x00000000c4600000| Untracked 
|  21|0x00000000c4700000, 0x00000000c4700000, 0x00000000c4800000|  0%| F|  |TAMS 0x00000000c4700000| PB 0x00000000c4700000| Untracked 
|  22|0x00000000c4800000, 0x00000000c4800000, 0x00000000c4900000|  0%| F|  |TAMS 0x00000000c4800000| PB 0x00000000c4800000| Untracked 
|  23|0x00000000c4900000, 0x00000000c4900000, 0x00000000c4a00000|  0%| F|  |TAMS 0x00000000c4900000| PB 0x00000000c4900000| Untracked 
|  24|0x00000000c4a00000, 0x00000000c4a00000, 0x00000000c4b00000|  0%| F|  |TAMS 0x00000000c4a00000| PB 0x00000000c4a00000| Untracked 
|  25|0x00000000c4b00000, 0x00000000c4b00000, 0x00000000c4c00000|  0%| F|  |TAMS 0x00000000c4b00000| PB 0x00000000c4b00000| Untracked 
|  26|0x00000000c4c00000, 0x00000000c4c00000, 0x00000000c4d00000|  0%| F|  |TAMS 0x00000000c4c00000| PB 0x00000000c4c00000| Untracked 
|  27|0x00000000c4d00000, 0x00000000c4d00000, 0x00000000c4e00000|  0%| F|  |TAMS 0x00000000c4d00000| PB 0x00000000c4d00000| Untracked 
|  28|0x00000000c4e00000, 0x00000000c4e00000, 0x00000000c4f00000|  0%| F|  |TAMS 0x00000000c4e00000| PB 0x00000000c4e00000| Untracked 
|  29|0x00000000c4f00000, 0x00000000c4f00000, 0x00000000c5000000|  0%| F|  |TAMS 0x00000000c4f00000| PB 0x00000000c4f00000| Untracked 
|  30|0x00000000c5000000, 0x00000000c5000000, 0x00000000c5100000|  0%| F|  |TAMS 0x00000000c5000000| PB 0x00000000c5000000| Untracked 
|  31|0x00000000c5100000, 0x00000000c5100000, 0x00000000c5200000|  0%| F|  |TAMS 0x00000000c5100000| PB 0x00000000c5100000| Untracked 
|  32|0x00000000c5200000, 0x00000000c5200000, 0x00000000c5300000|  0%| F|  |TAMS 0x00000000c5200000| PB 0x00000000c5200000| Untracked 
|  33|0x00000000c5300000, 0x00000000c5300000, 0x00000000c5400000|  0%| F|  |TAMS 0x00000000c5300000| PB 0x00000000c5300000| Untracked 
|  34|0x00000000c5400000, 0x00000000c5400000, 0x00000000c5500000|  0%| F|  |TAMS 0x00000000c5400000| PB 0x00000000c5400000| Untracked 
|  35|0x00000000c5500000, 0x00000000c5500000, 0x00000000c5600000|  0%| F|  |TAMS 0x00000000c5500000| PB 0x00000000c5500000| Untracked 
|  36|0x00000000c5600000, 0x00000000c5600000, 0x00000000c5700000|  0%| F|  |TAMS 0x00000000c5600000| PB 0x00000000c5600000| Untracked 
|  37|0x00000000c5700000, 0x00000000c5700000, 0x00000000c5800000|  0%| F|  |TAMS 0x00000000c5700000| PB 0x00000000c5700000| Untracked 
|  38|0x00000000c5800000, 0x00000000c5800000, 0x00000000c5900000|  0%| F|  |TAMS 0x00000000c5800000| PB 0x00000000c5800000| Untracked 
|  39|0x00000000c5900000, 0x00000000c5900000, 0x00000000c5a00000|  0%| F|  |TAMS 0x00000000c5900000| PB 0x00000000c5900000| Untracked 
|  40|0x00000000c5a00000, 0x00000000c5a00000, 0x00000000c5b00000|  0%| F|  |TAMS 0x00000000c5a00000| PB 0x00000000c5a00000| Untracked 
|  41|0x00000000c5b00000, 0x00000000c5b00000, 0x00000000c5c00000|  0%| F|  |TAMS 0x00000000c5b00000| PB 0x00000000c5b00000| Untracked 
|  42|0x00000000c5c00000, 0x00000000c5c00000, 0x00000000c5d00000|  0%| F|  |TAMS 0x00000000c5c00000| PB 0x00000000c5c00000| Untracked 
|  43|0x00000000c5d00000, 0x00000000c5d00000, 0x00000000c5e00000|  0%| F|  |TAMS 0x00000000c5d00000| PB 0x00000000c5d00000| Untracked 
|  44|0x00000000c5e00000, 0x00000000c5e00000, 0x00000000c5f00000|  0%| F|  |TAMS 0x00000000c5e00000| PB 0x00000000c5e00000| Untracked 
|  45|0x00000000c5f00000, 0x00000000c5f00000, 0x00000000c6000000|  0%| F|  |TAMS 0x00000000c5f00000| PB 0x00000000c5f00000| Untracked 
|  46|0x00000000c6000000, 0x00000000c6000000, 0x00000000c6100000|  0%| F|  |TAMS 0x00000000c6000000| PB 0x00000000c6000000| Untracked 
|  47|0x00000000c6100000, 0x00000000c6100000, 0x00000000c6200000|  0%| F|  |TAMS 0x00000000c6100000| PB 0x00000000c6100000| Untracked 
|  48|0x00000000c6200000, 0x00000000c6200000, 0x00000000c6300000|  0%| F|  |TAMS 0x00000000c6200000| PB 0x00000000c6200000| Untracked 
|  49|0x00000000c6300000, 0x00000000c6300000, 0x00000000c6400000|  0%| F|  |TAMS 0x00000000c6300000| PB 0x00000000c6300000| Untracked 
|  50|0x00000000c6400000, 0x00000000c6400000, 0x00000000c6500000|  0%| F|  |TAMS 0x00000000c6400000| PB 0x00000000c6400000| Untracked 
|  51|0x00000000c6500000, 0x00000000c6500000, 0x00000000c6600000|  0%| F|  |TAMS 0x00000000c6500000| PB 0x00000000c6500000| Untracked 
|  52|0x00000000c6600000, 0x00000000c6600000, 0x00000000c6700000|  0%| F|  |TAMS 0x00000000c6600000| PB 0x00000000c6600000| Untracked 
|  53|0x00000000c6700000, 0x00000000c6700000, 0x00000000c6800000|  0%| F|  |TAMS 0x00000000c6700000| PB 0x00000000c6700000| Untracked 
|  54|0x00000000c6800000, 0x00000000c6800000, 0x00000000c6900000|  0%| F|  |TAMS 0x00000000c6800000| PB 0x00000000c6800000| Untracked 
|  55|0x00000000c6900000, 0x00000000c6900000, 0x00000000c6a00000|  0%| F|  |TAMS 0x00000000c6900000| PB 0x00000000c6900000| Untracked 
|  56|0x00000000c6a00000, 0x00000000c6a00000, 0x00000000c6b00000|  0%| F|  |TAMS 0x00000000c6a00000| PB 0x00000000c6a00000| Untracked 
|  57|0x00000000c6b00000, 0x00000000c6b00000, 0x00000000c6c00000|  0%| F|  |TAMS 0x00000000c6b00000| PB 0x00000000c6b00000| Untracked 
|  58|0x00000000c6c00000, 0x00000000c6c00000, 0x00000000c6d00000|  0%| F|  |TAMS 0x00000000c6c00000| PB 0x00000000c6c00000| Untracked 
|  59|0x00000000c6d00000, 0x00000000c6d00000, 0x00000000c6e00000|  0%| F|  |TAMS 0x00000000c6d00000| PB 0x00000000c6d00000| Untracked 
|  60|0x00000000c6e00000, 0x00000000c6e00000, 0x00000000c6f00000|  0%| F|  |TAMS 0x00000000c6e00000| PB 0x00000000c6e00000| Untracked 
|  61|0x00000000c6f00000, 0x00000000c6f42960, 0x00000000c7000000| 26%| E|  |TAMS 0x00000000c6f00000| PB 0x00000000c6f00000| Complete 

Card table byte_map: [0x00000263f6a80000,0x00000263f6c70000] _byte_map_base: 0x00000263f6467000

Marking Bits: (CMBitMap*) 0x00000263eca0ad00
 Bits: [0x00000263f6e60000, 0x00000263f7d98000)

GC Heap History (0 events):
No events

Dll operation events (1 events):
Event: 0.006 Loaded shared library C:\Program Files\Java\jdk-20\bin\java.dll

Deoptimization events (0 events):
No events

Classes loaded (20 events):
Event: 0.017 Loading class java/lang/invoke/TypeDescriptor$OfMethod
Event: 0.017 Loading class java/lang/invoke/TypeDescriptor$OfMethod done
Event: 0.017 Loading class java/lang/invoke/MethodType done
Event: 0.017 Loading class java/lang/BootstrapMethodError
Event: 0.017 Loading class java/lang/BootstrapMethodError done
Event: 0.017 Loading class java/lang/invoke/CallSite
Event: 0.017 Loading class java/lang/invoke/CallSite done
Event: 0.017 Loading class jdk/internal/foreign/abi/NativeEntryPoint
Event: 0.017 Loading class jdk/internal/foreign/abi/NativeEntryPoint done
Event: 0.017 Loading class jdk/internal/foreign/abi/ABIDescriptor
Event: 0.017 Loading class jdk/internal/foreign/abi/ABIDescriptor done
Event: 0.017 Loading class jdk/internal/foreign/abi/VMStorage
Event: 0.017 Loading class jdk/internal/foreign/abi/VMStorage done
Event: 0.017 Loading class jdk/internal/foreign/abi/UpcallLinker$CallRegs
Event: 0.017 Loading class jdk/internal/foreign/abi/UpcallLinker$CallRegs done
Event: 0.017 Loading class java/lang/invoke/MethodHandleNatives$CallSiteContext
Event: 0.017 Loading class java/lang/invoke/MethodHandleNatives$CallSiteContext done
Event: 0.017 Loading class java/lang/invoke/ConstantCallSite
Event: 0.017 Loading class java/lang/invoke/ConstantCallSite done
Event: 0.017 Loading class java/lang/invoke/MutableCallSite

Classes unloaded (0 events):
No events

Classes redefined (0 events):
No events

Internal exceptions (0 events):
No events

VM Operations (0 events):
No events

Events (0 events):
No events


Dynamic libraries:
0x00007ff649010000 - 0x00007ff649020000 	C:\Program Files\Java\jdk-20\bin\java.exe
0x00007ffa4d4d0000 - 0x00007ffa4d6c8000 	C:\WINDOWS\SYSTEM32\ntdll.dll
0x00007ffa4d270000 - 0x00007ffa4d32f000 	C:\WINDOWS\System32\KERNEL32.DLL
0x00007ffa4abe0000 - 0x00007ffa4aeba000 	C:\WINDOWS\System32\KERNELBASE.dll
0x00007ffa4af50000 - 0x00007ffa4b050000 	C:\WINDOWS\System32\ucrtbase.dll
0x00007ffa45e20000 - 0x00007ffa45e39000 	C:\Program Files\Java\jdk-20\bin\jli.dll
0x00007ffa42980000 - 0x00007ffa4299b000 	C:\Program Files\Java\jdk-20\bin\VCRUNTIME140.dll
0x00007ffa4c290000 - 0x00007ffa4c33e000 	C:\WINDOWS\System32\ADVAPI32.dll
0x00007ffa4cf50000 - 0x00007ffa4cfee000 	C:\WINDOWS\System32\msvcrt.dll
0x00007ffa4cde0000 - 0x00007ffa4ce7c000 	C:\WINDOWS\System32\sechost.dll
0x00007ffa4c8e0000 - 0x00007ffa4ca06000 	C:\WINDOWS\System32\RPCRT4.dll
0x00007ffa4c3a0000 - 0x00007ffa4c53d000 	C:\WINDOWS\System32\USER32.dll
0x00007ffa37940000 - 0x00007ffa37bda000 	C:\WINDOWS\WinSxS\amd64_microsoft.windows.common-controls_6595b64144ccf1df_6.0.19041.1110_none_60b5254171f9507e\COMCTL32.dll
0x00007ffa4b320000 - 0x00007ffa4b342000 	C:\WINDOWS\System32\win32u.dll
0x00007ffa4c5d0000 - 0x00007ffa4c5fb000 	C:\WINDOWS\System32\GDI32.dll
0x00007ffa4b380000 - 0x00007ffa4b490000 	C:\WINDOWS\System32\gdi32full.dll
0x00007ffa4b490000 - 0x00007ffa4b52d000 	C:\WINDOWS\System32\msvcp_win.dll
0x00007ffa43d70000 - 0x00007ffa43d7a000 	C:\WINDOWS\SYSTEM32\VERSION.dll
0x00007ffa4c540000 - 0x00007ffa4c570000 	C:\WINDOWS\System32\IMM32.DLL
0x00007ffa42bf0000 - 0x00007ffa42bfc000 	C:\Program Files\Java\jdk-20\bin\vcruntime140_1.dll
0x00007ffa1ad40000 - 0x00007ffa1adce000 	C:\Program Files\Java\jdk-20\bin\msvcp140.dll
0x00007ffa119f0000 - 0x00007ffa12687000 	C:\Program Files\Java\jdk-20\bin\server\jvm.dll
0x00007ffa36550000 - 0x00007ffa36577000 	C:\WINDOWS\SYSTEM32\WINMM.dll
0x00007ffa42c00000 - 0x00007ffa42c09000 	C:\WINDOWS\SYSTEM32\WSOCK32.dll
0x00007ffa4c7c0000 - 0x00007ffa4c82b000 	C:\WINDOWS\System32\WS2_32.dll
0x00007ffa49430000 - 0x00007ffa49442000 	C:\WINDOWS\SYSTEM32\kernel.appcore.dll
0x00007ffa425d0000 - 0x00007ffa425da000 	C:\Program Files\Java\jdk-20\bin\jimage.dll
0x00007ffa489a0000 - 0x00007ffa48b84000 	C:\WINDOWS\SYSTEM32\DBGHELP.DLL
0x00007ffa35d00000 - 0x00007ffa35d34000 	C:\WINDOWS\SYSTEM32\dbgcore.DLL
0x00007ffa4aec0000 - 0x00007ffa4af42000 	C:\WINDOWS\System32\bcryptPrimitives.dll
0x00007ffa36960000 - 0x00007ffa36986000 	C:\Program Files\Java\jdk-20\bin\java.dll

dbghelp: loaded successfully - version: 4.0.5 - missing functions: none
symbol engine: initialized successfully - sym options: 0x614 - pdb path: .;C:\Program Files\Java\jdk-20\bin;C:\WINDOWS\SYSTEM32;C:\WINDOWS\WinSxS\amd64_microsoft.windows.common-controls_6595b64144ccf1df_6.0.19041.1110_none_60b5254171f9507e;C:\Program Files\Java\jdk-20\bin\server

VM Arguments:
jvm_args: -Dfile.encoding=UTF-8 --module-path=C:\Users\shikh\OneDrive\Documents\NetBeansProjects\Bank Management System\build\classes 
java_command: bank.management.system.SignupOne
java_class_path (initial): C:\Users\shikh\OneDrive\Documents\NetBeansProjects\Bank Management System\build\classes
Launcher Type: SUN_STANDARD

[Global flags]
     intx CICompilerCount                          = 3                                         {product} {ergonomic}
     uint ConcGCThreads                            = 1                                         {product} {ergonomic}
     uint G1ConcRefinementThreads                  = 4                                         {product} {ergonomic}
   size_t G1HeapRegionSize                         = 1048576                                   {product} {ergonomic}
    uintx GCDrainStackTargetSize                   = 64                                        {product} {ergonomic}
   size_t InitialHeapSize                          = 65011712                                  {product} {ergonomic}
   size_t MarkStackSize                            = 4194304                                   {product} {ergonomic}
   size_t MaxHeapSize                              = 1021313024                                {product} {ergonomic}
   size_t MaxNewSize                               = 612368384                                 {product} {ergonomic}
   size_t MinHeapDeltaBytes                        = 1048576                                   {product} {ergonomic}
   size_t MinHeapSize                              = 8388608                                   {product} {ergonomic}
    uintx NonNMethodCodeHeapSize                   = 5832780                                {pd product} {ergonomic}
    uintx NonProfiledCodeHeapSize                  = 122912730                              {pd product} {ergonomic}
    uintx ProfiledCodeHeapSize                     = 122912730                              {pd product} {ergonomic}
    uintx ReservedCodeCacheSize                    = 251658240                              {pd product} {ergonomic}
     bool SegmentedCodeCache                       = true                                      {product} {ergonomic}
   size_t SoftMaxHeapSize                          = 1021313024                             {manageable} {ergonomic}
     bool UseCompressedClassPointers               = true                           {product lp64_product} {ergonomic}
     bool UseCompressedOops                        = true                           {product lp64_product} {ergonomic}
     bool UseG1GC                                  = true                                      {product} {ergonomic}
     bool UseLargePagesIndividualAllocation        = false                                  {pd product} {ergonomic}

Logging:
Log output configuration:
 #0: stdout all=warning uptime,level,tags foldmultilines=false
 #1: stderr all=off uptime,level,tags foldmultilines=false

Environment Variables:
PATH=C:\Program Files\Common Files\Oracle\Java\javapath;C:\WINDOWS\system32;C:\WINDOWS;C:\WINDOWS\System32\Wbem;C:\WINDOWS\System32\WindowsPowerShell\v1.0\;C:\WINDOWS\System32\OpenSSH\;C:\Program Files\Java\jdk-20\bin;C:\Program Files\MySQL\MySQL Shell 8.0\bin\;C:\Users\shikh\AppData\Local\Microsoft\WindowsApps;;C:\Users\shikh\AppData\Local\Programs\Microsoft VS Code\bin;C:\Program Files\JetBrains\PyCharm Community Edition 2023.1\bin;
USERNAME=shikh
OS=Windows_NT
PROCESSOR_IDENTIFIER=Intel64 Family 6 Model 126 Stepping 5, GenuineIntel
TMP=C:\Users\shikh\AppData\Local\Temp
TEMP=C:\Users\shikh\AppData\Local\Temp




---------------  S Y S T E M  ---------------

OS:
 Windows 10 , 64 bit Build 19041 (10.0.19041.2788)
OS uptime: 1 days 11:22 hours

CPU: total 4 (initial active 4) (2 cores per cpu, 2 threads per core) family 6 model 126 stepping 5 microcode 0xb0, cx8, cmov, fxsr, ht, mmx, 3dnowpref, sse, sse2, sse3, ssse3, sse4.1, sse4.2, popcnt, lzcnt, tsc, tscinvbit, avx, avx2, aes, erms, clmul, bmi1, bmi2, adx, avx512f, avx512dq, avx512cd, avx512bw, avx512vl, sha, fma, vzeroupper, avx512_vpopcntdq, avx512_vpclmulqdq, avx512_vaes, avx512_vnni, clflush, clflushopt, avx512_vbmi2, avx512_vbmi, rdtscp, rdpid, fsrm, gfni, avx512_bitalg, f16c, pku, avx512_ifma

Memory: 4k page, system-wide physical 3891M (421M free)
TotalPageFile size 15667M (AvailPageFile size 5M)
current process WorkingSet (physical memory assigned to process): 14M, peak: 14M
current process commit charge ("private bytes"): 117M, peak: 119M

vm_info: Java HotSpot(TM) 64-Bit Server VM (20+36-2344) for windows-amd64 JRE (20+36-2344), built on 2023-02-10T19:30:15Z by "mach5one" with MS VC++ 17.1 (VS2022)

END.
